0 info it worked if it ends with ok
1 verbose cli [ '/Users/nonzar/nvm/versions/node/v5.3.0/bin/node',
1 verbose cli   '/Users/nonzar/nvm/versions/node/v5.3.0/lib/node_modules/npm/bin/npm-cli.js',
1 verbose cli   'run-script',
1 verbose cli   'test' ]
2 info using npm@3.3.12
3 info using node@v5.3.0
4 verbose run-script [ 'pretest', 'test', 'posttest' ]
5 info lifecycle autoGyro@1.0.0~pretest: autoGyro@1.0.0
6 silly lifecycle autoGyro@1.0.0~pretest: no script for pretest, continuing
7 info lifecycle autoGyro@1.0.0~test: autoGyro@1.0.0
8 verbose lifecycle autoGyro@1.0.0~test: unsafe-perm in lifecycle true
9 verbose lifecycle autoGyro@1.0.0~test: PATH: /Users/nonzar/nvm/versions/node/v5.3.0/lib/node_modules/npm/bin/node-gyp-bin:/Library/WebServer/Documents/autoGyro2/node_modules/.bin:/Users/nonzar/nvm/versions/node/v5.3.0/bin:/usr/local/bin:/usr/bin:/bin:/usr/sbin:/sbin
10 verbose lifecycle autoGyro@1.0.0~test: CWD: /Library/WebServer/Documents/autoGyro2
11 silly lifecycle autoGyro@1.0.0~test: Args: [ '-c', 'echo "Error: no test specified" && exit 1' ]
12 silly lifecycle autoGyro@1.0.0~test: Returned: code: 1  signal: null
13 info lifecycle autoGyro@1.0.0~test: Failed to exec test script
14 verbose stack Error: autoGyro@1.0.0 test: `echo "Error: no test specified" && exit 1`
14 verbose stack Exit status 1
14 verbose stack     at EventEmitter.<anonymous> (/Users/nonzar/nvm/versions/node/v5.3.0/lib/node_modules/npm/lib/utils/lifecycle.js:232:16)
14 verbose stack     at emitTwo (events.js:87:13)
14 verbose stack     at EventEmitter.emit (events.js:172:7)
14 verbose stack     at ChildProcess.<anonymous> (/Users/nonzar/nvm/versions/node/v5.3.0/lib/node_modules/npm/lib/utils/spawn.js:24:14)
14 verbose stack     at emitTwo (events.js:87:13)
14 verbose stack     at ChildProcess.emit (events.js:172:7)
14 verbose stack     at maybeClose (internal/child_process.js:818:16)
14 verbose stack     at Process.ChildProcess._handle.onexit (internal/child_process.js:211:5)
15 verbose pkgid autoGyro@1.0.0
16 verbose cwd /Library/WebServer/Documents/autoGyro2
17 error Darwin 15.4.0
18 error argv "/Users/nonzar/nvm/versions/node/v5.3.0/bin/node" "/Users/nonzar/nvm/versions/node/v5.3.0/lib/node_modules/npm/bin/npm-cli.js" "run-script" "test"
19 error node v5.3.0
20 error npm  v3.3.12
21 error code ELIFECYCLE
22 error autoGyro@1.0.0 test: `echo "Error: no test specified" && exit 1`
22 error Exit status 1
23 error Failed at the autoGyro@1.0.0 test script 'echo "Error: no test specified" && exit 1'.
23 error Make sure you have the latest version of node.js and npm installed.
23 error If you do, this is most likely a problem with the autoGyro package,
23 error not with npm itself.
23 error Tell the author that this fails on your system:
23 error     echo "Error: no test specified" && exit 1
23 error You can get their info via:
23 error     npm owner ls autoGyro
23 error There is likely additional logging output above.
24 verbose exit [ 1, true ]
